This file contains any messages produced by compilers while
running configure, to aid debugging if configure makes a mistake.

It was created by FreeType configure 2.10.4, which was
generated by GNU Autoconf 2.69.  Invocation command line was

  $ ./configure --with-png=no --with-zlib=no --host=aarch64-linux-android --prefix=/mnt/e/freetype/freetype-2.10.4/android/arm64 --with-sysroot=/mnt/e/Android/android-ndk-r17c/platforms/android-21/arch-arm64/

## --------- ##
## Platform. ##
## --------- ##

hostname = Liuzhen-D
uname -m = x86_64
uname -r = 4.4.0-17763-Microsoft
uname -s = Linux
uname -v = #1432-Microsoft Mon Aug 18 18:18:00 PST 2020

/usr/bin/uname -p = x86_64
/bin/uname -X     = unknown

/bin/arch              = x86_64
/usr/bin/arch -k       = unknown
/usr/convex/getsysinfo = unknown
/usr/bin/hostinfo      = unknown
/bin/machine           = unknown
/usr/bin/oslevel       = unknown
/bin/universe          = unknown

PATH: /mnt/e/Android/android-ndk-r17c/toolchains/aarch64-linux-android-4.9/prebuilt/linux-x86_64
PATH: /usr/local/sbin
PATH: /usr/local/bin
PATH: /usr/sbin
PATH: /usr/bin
PATH: /sbin
PATH: /bin
PATH: /usr/games
PATH: /usr/local/games
PATH: /mnt/c/Program Files (x86)/Common Files/Oracle/Java/javapath
PATH: /mnt/c/Windows/System32
PATH: /mnt/c/Windows
PATH: /mnt/c/Windows/System32/wbem
PATH: /mnt/c/Windows/System32/WindowsPowerShell/v1.0
PATH: /mnt/c/Windows/System32/OpenSSH
PATH: /mnt/e/Program Files/Git/cmd
PATH: /mnt/e/Program Files/010 Editor
PATH: /mnt/c/Program Files/dotnet
PATH: /mnt/c/Program Files/nodejs
PATH: /mnt/c/Users/Administrator/AppData/Local/Microsoft/WindowsApps
PATH: /mnt/c/Users/Administrator/.gradle/wrapper/dists/gradle-4.1-all/bzyivzo6n839fup2jbap0tjew/gradle-4.1/bin
PATH: /mnt/c/Program Files/WinRAR
PATH: /mnt/d/android-sdk-windows/platform-tools
PATH: /mnt/f/ffmpeg/ffmpeg-4.3.1-win64-static/bin
PATH: /mnt/e/Program Files/JetBrains/IntelliJ IDEA 2020.1/bin
PATH: /mnt/d/android-sdk-windows/cmake/3.6.4111459/bin
PATH: /mnt/c/Users/Administrator/.dotnet/tools
PATH: /mnt/e/Program Files (x86)/Microsoft Visual Studio/2019/Community/VC/Tools/MSVC/14.29.30037/bin/Hostx64/x64
PATH: /mnt/c/Users/Administrator/AppData/Roaming/npm
PATH: /usr/local/gmssl/bin
PATH: /home/zach/usr/local/gmssl/bin


## ----------- ##
## Core tests. ##
## ----------- ##

configure:2554: checking build system type
configure:2568: result: x86_64-pc-linux-gnu
configure:2588: checking host system type
configure:2601: result: aarch64-unknown-linux-android
configure:2633: checking for aarch64-linux-android-gcc
configure:2660: result: aarch64-linux-android-clang
configure:2929: checking for C compiler version
configure:2938: aarch64-linux-android-clang --version >&5
./configure: line 2940: aarch64-linux-android-clang: command not found
configure:2949: $? = 127
configure:2938: aarch64-linux-android-clang -v >&5
./configure: line 2940: aarch64-linux-android-clang: command not found
configure:2949: $? = 127
configure:2938: aarch64-linux-android-clang -V >&5
./configure: line 2940: aarch64-linux-android-clang: command not found
configure:2949: $? = 127
configure:2938: aarch64-linux-android-clang -qversion >&5
./configure: line 2940: aarch64-linux-android-clang: command not found
configure:2949: $? = 127
configure:2969: checking whether the C compiler works
configure:2991: aarch64-linux-android-clang    conftest.c  >&5
./configure: line 2993: aarch64-linux-android-clang: command not found
configure:2995: $? = 127
configure:3033: result: no
configure: failed program was:
| /* confdefs.h */
| #define PACKAGE_NAME "FreeType"
| #define PACKAGE_TARNAME "freetype"
| #define PACKAGE_VERSION "2.10.4"
| #define PACKAGE_STRING "FreeType 2.10.4"
| #define PACKAGE_BUGREPORT "freetype@nongnu.org"
| #define PACKAGE_URL ""
| /* end confdefs.h.  */
| 
| int
| main ()
| {
| 
|   ;
|   return 0;
| }
configure:3038: error: in `/mnt/e/freetype/freetype-2.10.4/builds/unix':
configure:3040: error: C compiler cannot create executables
See `config.log' for more details

## ---------------- ##
## Cache variables. ##
## ---------------- ##

ac_cv_build=x86_64-pc-linux-gnu
ac_cv_env_BROTLI_CFLAGS_set=
ac_cv_env_BROTLI_CFLAGS_value=
ac_cv_env_BROTLI_LIBS_set=
ac_cv_env_BROTLI_LIBS_value=
ac_cv_env_BZIP2_CFLAGS_set=
ac_cv_env_BZIP2_CFLAGS_value=
ac_cv_env_BZIP2_LIBS_set=
ac_cv_env_BZIP2_LIBS_value=
ac_cv_env_CC_set=set
ac_cv_env_CC_value=aarch64-linux-android-clang
ac_cv_env_CFLAGS_set=
ac_cv_env_CFLAGS_value=
ac_cv_env_CPPFLAGS_set=
ac_cv_env_CPPFLAGS_value=
ac_cv_env_CPP_set=
ac_cv_env_CPP_value=
ac_cv_env_HARFBUZZ_CFLAGS_set=
ac_cv_env_HARFBUZZ_CFLAGS_value=
ac_cv_env_HARFBUZZ_LIBS_set=
ac_cv_env_HARFBUZZ_LIBS_value=
ac_cv_env_LDFLAGS_set=
ac_cv_env_LDFLAGS_value=
ac_cv_env_LIBPNG_CFLAGS_set=
ac_cv_env_LIBPNG_CFLAGS_value=
ac_cv_env_LIBPNG_LIBS_set=
ac_cv_env_LIBPNG_LIBS_value=
ac_cv_env_LIBS_set=
ac_cv_env_LIBS_value=
ac_cv_env_LT_SYS_LIBRARY_PATH_set=
ac_cv_env_LT_SYS_LIBRARY_PATH_value=
ac_cv_env_PKG_CONFIG_LIBDIR_set=
ac_cv_env_PKG_CONFIG_LIBDIR_value=
ac_cv_env_PKG_CONFIG_PATH_set=
ac_cv_env_PKG_CONFIG_PATH_value=
ac_cv_env_PKG_CONFIG_set=
ac_cv_env_PKG_CONFIG_value=
ac_cv_env_ZLIB_CFLAGS_set=
ac_cv_env_ZLIB_CFLAGS_value=
ac_cv_env_ZLIB_LIBS_set=
ac_cv_env_ZLIB_LIBS_value=
ac_cv_env_build_alias_set=
ac_cv_env_build_alias_value=
ac_cv_env_host_alias_set=set
ac_cv_env_host_alias_value=aarch64-linux-android
ac_cv_env_target_alias_set=
ac_cv_env_target_alias_value=
ac_cv_host=aarch64-unknown-linux-android
ac_cv_prog_CC=aarch64-linux-android-clang

## ----------------- ##
## Output variables. ##
## ----------------- ##

AR='aarch64-linux-android-ar'
AS='aarch64-linux-android-clang'
AWK=''
BROTLI_CFLAGS=''
BROTLI_LIBS=''
BZIP2_CFLAGS=''
BZIP2_LIBS=''
CC='aarch64-linux-android-clang'
CC_BUILD=''
CFLAGS=''
CPP=''
CPPFLAGS=''
DEFS=''
DLLTOOL=''
DSYMUTIL=''
DUMPBIN=''
ECHO_C=''
ECHO_N='-n'
ECHO_T=''
EGREP=''
EXEEXT=''
EXEEXT_BUILD=''
FGREP=''
FTSYS_SRC=''
GREP=''
HARFBUZZ_CFLAGS=''
HARFBUZZ_LIBS=''
INSTALL_DATA=''
INSTALL_FT2_CONFIG=''
INSTALL_PROGRAM=''
INSTALL_SCRIPT=''
LD='aarch64-linux-android-ld'
LDFLAGS=''
LIBOBJS=''
LIBPNG_CFLAGS=''
LIBPNG_LIBS=''
LIBS=''
LIBSSTATIC_CONFIG=''
LIBS_PRIVATE=''
LIBTOOL=''
LIB_CLOCK_GETTIME=''
LIPO=''
LN_S=''
LTLIBOBJS=''
LT_SYS_LIBRARY_PATH=''
MANIFEST_TOOL=''
MKDIR_P=''
NM=''
NMEDIT=''
OBJDUMP=''
OBJEXT=''
OTOOL64=''
OTOOL=''
PACKAGE_BUGREPORT='freetype@nongnu.org'
PACKAGE_NAME='FreeType'
PACKAGE_STRING='FreeType 2.10.4'
PACKAGE_TARNAME='freetype'
PACKAGE_URL=''
PACKAGE_VERSION='2.10.4'
PATH_SEPARATOR=':'
PKG_CONFIG=''
PKG_CONFIG_LIBDIR=''
PKG_CONFIG_PATH=''
PYTHON=''
PYTHON_VERSION=''
RANLIB=''
RC=''
REQUIRES_PRIVATE=''
SED=''
SHELL='/bin/bash'
STRIP='aarch64-linux-android-strip'
XX_ANSIFLAGS=''
XX_CFLAGS=''
ZLIB_CFLAGS=''
ZLIB_LIBS=''
ac_ct_AR=''
ac_ct_CC=''
ac_ct_DUMPBIN=''
bindir='${exec_prefix}/bin'
build='x86_64-pc-linux-gnu'
build_alias=''
build_cpu='x86_64'
build_libtool_libs=''
build_os='linux-gnu'
build_vendor='pc'
datadir='${datarootdir}'
datarootdir='${prefix}/share'
docdir='${datarootdir}/doc/${PACKAGE_TARNAME}'
dvidir='${docdir}'
exec_prefix='NONE'
ft_version='23.4.17'
ftmac_c=''
hardcode_libdir_flag_spec=''
host='aarch64-unknown-linux-android'
host_alias='aarch64-linux-android'
host_cpu='aarch64'
host_os='linux-android'
host_vendor='unknown'
htmldir='${docdir}'
includedir='${prefix}/include'
infodir='${datarootdir}/info'
libdir='${exec_prefix}/lib'
libexecdir='${exec_prefix}/libexec'
localedir='${datarootdir}/locale'
localstatedir='${prefix}/var'
mandir='${datarootdir}/man'
oldincludedir='/usr/include'
pdfdir='${docdir}'
prefix='/mnt/e/freetype/freetype-2.10.4/android/arm64'
program_transform_name='s,x,x,'
psdir='${docdir}'
sbindir='${exec_prefix}/sbin'
sharedstatedir='${prefix}/com'
sysconfdir='${prefix}/etc'
target_alias=''
version_info='23:4:17'
wl=''

## ----------- ##
## confdefs.h. ##
## ----------- ##

/* confdefs.h */
#define PACKAGE_NAME "FreeType"
#define PACKAGE_TARNAME "freetype"
#define PACKAGE_VERSION "2.10.4"
#define PACKAGE_STRING "FreeType 2.10.4"
#define PACKAGE_BUGREPORT "freetype@nongnu.org"
#define PACKAGE_URL ""

configure: exit 77
